<?xml version="1.0" encoding="UTF-8"?>
<testng-results ignored="0" total="2" passed="0" failed="0" skipped="2">
  <reporter-output>
  </reporter-output>
  <suite started-at="2020-08-07T09:19:42 PET" name="Default suite" finished-at="2020-08-07T09:20:00 PET" duration-ms="18255">
    <groups>
    </groups>
    <test started-at="2020-08-07T09:19:42 PET" name="Default test" finished-at="2020-08-07T09:20:00 PET" duration-ms="18255">
      <class name="com.mitocode.testng.controller.SolicitudControllerTest">
        <test-method is-config="true" signature="springTestContextBeforeTestClass()[pri:0, instance:com.mitocode.testng.controller.SolicitudControllerTest@7fc6de5b]" started-at="2020-08-07T09:19:42 PET" name="springTestContextBeforeTestClass" finished-at="2020-08-07T09:19:42 PET" duration-ms="11" status="PASS">
          <reporter-output>
          </reporter-output>
        </test-method> <!-- springTestContextBeforeTestClass -->
        <test-method is-config="true" signature="springTestContextPrepareTestInstance()[pri:0, instance:com.mitocode.testng.controller.SolicitudControllerTest@7fc6de5b]" started-at="2020-08-07T09:19:42 PET" name="springTestContextPrepareTestInstance" finished-at="2020-08-07T09:20:00 PET" depends-on-methods="org.springframework.test.context.testng.AbstractTestNGSpringContextTests.springTestContextBeforeTestClass" duration-ms="18135" status="FAIL">
          <exception class="org.springframework.beans.factory.UnsatisfiedDependencyException">
            <message>
              <![CDATA[Error creating bean with name 'com.mitocode.testng.controller.SolicitudControllerTest': Unsatisfied dependency expressed through field 'result'; nested exception is org.springframework.beans.factory.NoSuchBeanDefinitionException: No qualifying bean of type 'org.springframework.validation.BindingResult' available: expected at least 1 bean which qualifies as autowire candidate. Dependency annotations: {@org.springframework.beans.factory.annotation.Autowired(required=true)}]]>
            </message>
            <full-stacktrace>
              <![CDATA[org.springframework.beans.factory.UnsatisfiedDependencyException: Error creating bean with name 'com.mitocode.testng.controller.SolicitudControllerTest': Unsatisfied dependency expressed through field 'result'; nested exception is org.springframework.beans.factory.NoSuchBeanDefinitionException: No qualifying bean of type 'org.springframework.validation.BindingResult' available: expected at least 1 bean which qualifies as autowire candidate. Dependency annotations: {@org.springframework.beans.factory.annotation.Autowired(required=true)}
at org.springframework.beans.factory.annotation.AutowiredAnnotationBeanPostProcessor$AutowiredFieldElement.inject(AutowiredAnnotationBeanPostProcessor.java:596)
at org.springframework.beans.factory.annotation.InjectionMetadata.inject(InjectionMetadata.java:90)
at org.springframework.beans.factory.annotation.AutowiredAnnotationBeanPostProcessor.postProcessProperties(AutowiredAnnotationBeanPostProcessor.java:374)
at org.springframework.beans.factory.support.AbstractAutowireCapableBeanFactory.populateBean(AbstractAutowireCapableBeanFactory.java:1411)
at org.springframework.beans.factory.support.AbstractAutowireCapableBeanFactory.autowireBeanProperties(AbstractAutowireCapableBeanFactory.java:391)
at org.springframework.test.context.support.DependencyInjectionTestExecutionListener.injectDependencies(DependencyInjectionTestExecutionListener.java:119)
at org.springframework.test.context.support.DependencyInjectionTestExecutionListener.prepareTestInstance(DependencyInjectionTestExecutionListener.java:83)
at org.springframework.test.context.TestContextManager.prepareTestInstance(TestContextManager.java:246)
at org.springframework.test.context.testng.AbstractTestNGSpringContextTests.springTestContextPrepareTestInstance(AbstractTestNGSpringContextTests.java:145)
Caused by: org.springframework.beans.factory.NoSuchBeanDefinitionException: No qualifying bean of type 'org.springframework.validation.BindingResult' available: expected at least 1 bean which qualifies as autowire candidate. Dependency annotations: {@org.springframework.beans.factory.annotation.Autowired(required=true)}
at org.springframework.beans.factory.support.DefaultListableBeanFactory.raiseNoMatchingBeanFound(DefaultListableBeanFactory.java:1654)
at org.springframework.beans.factory.support.DefaultListableBeanFactory.doResolveDependency(DefaultListableBeanFactory.java:1213)
at org.springframework.beans.factory.support.DefaultListableBeanFactory.resolveDependency(DefaultListableBeanFactory.java:1167)
at org.springframework.beans.factory.annotation.AutowiredAnnotationBeanPostProcessor$AutowiredFieldElement.inject(AutowiredAnnotationBeanPostProcessor.java:593)
... 8 more
]]>
            </full-stacktrace>
          </exception> <!-- org.springframework.beans.factory.UnsatisfiedDependencyException -->
          <reporter-output>
          </reporter-output>
        </test-method> <!-- springTestContextPrepareTestInstance -->
        <test-method is-config="true" signature="springTestContextBeforeTestMethod(java.lang.reflect.Method)[pri:0, instance:com.mitocode.testng.controller.SolicitudControllerTest@7fc6de5b]" started-at="2020-08-07T09:20:00 PET" name="springTestContextBeforeTestMethod" finished-at="2020-08-07T09:20:00 PET" duration-ms="29" status="PASS">
          <params>
            <param index="0">
              <value>
                <![CDATA[public void com.mitocode.testng.controller.SolicitudControllerTest.listarSolicitudxEmpresaTest() throws java.lang.Exception]]>
              </value>
            </param>
          </params>
          <reporter-output>
          </reporter-output>
        </test-method> <!-- springTestContextBeforeTestMethod -->
        <test-method signature="listarSolicitudxEmpresaTest()[pri:0, instance:com.mitocode.testng.controller.SolicitudControllerTest@7fc6de5b]" started-at="2020-08-07T09:20:00 PET" name="listarSolicitudxEmpresaTest" finished-at="2020-08-07T09:20:00 PET" duration-ms="0" status="SKIP">
          <exception class="org.springframework.beans.factory.UnsatisfiedDependencyException">
            <message>
              <![CDATA[Error creating bean with name 'com.mitocode.testng.controller.SolicitudControllerTest': Unsatisfied dependency expressed through field 'result'; nested exception is org.springframework.beans.factory.NoSuchBeanDefinitionException: No qualifying bean of type 'org.springframework.validation.BindingResult' available: expected at least 1 bean which qualifies as autowire candidate. Dependency annotations: {@org.springframework.beans.factory.annotation.Autowired(required=true)}]]>
            </message>
            <full-stacktrace>
              <![CDATA[org.springframework.beans.factory.UnsatisfiedDependencyException: Error creating bean with name 'com.mitocode.testng.controller.SolicitudControllerTest': Unsatisfied dependency expressed through field 'result'; nested exception is org.springframework.beans.factory.NoSuchBeanDefinitionException: No qualifying bean of type 'org.springframework.validation.BindingResult' available: expected at least 1 bean which qualifies as autowire candidate. Dependency annotations: {@org.springframework.beans.factory.annotation.Autowired(required=true)}
at org.springframework.beans.factory.annotation.AutowiredAnnotationBeanPostProcessor$AutowiredFieldElement.inject(AutowiredAnnotationBeanPostProcessor.java:596)
at org.springframework.beans.factory.annotation.InjectionMetadata.inject(InjectionMetadata.java:90)
at org.springframework.beans.factory.annotation.AutowiredAnnotationBeanPostProcessor.postProcessProperties(AutowiredAnnotationBeanPostProcessor.java:374)
at org.springframework.beans.factory.support.AbstractAutowireCapableBeanFactory.populateBean(AbstractAutowireCapableBeanFactory.java:1411)
at org.springframework.beans.factory.support.AbstractAutowireCapableBeanFactory.autowireBeanProperties(AbstractAutowireCapableBeanFactory.java:391)
at org.springframework.test.context.support.DependencyInjectionTestExecutionListener.injectDependencies(DependencyInjectionTestExecutionListener.java:119)
at org.springframework.test.context.support.DependencyInjectionTestExecutionListener.prepareTestInstance(DependencyInjectionTestExecutionListener.java:83)
at org.springframework.test.context.TestContextManager.prepareTestInstance(TestContextManager.java:246)
at org.springframework.test.context.testng.AbstractTestNGSpringContextTests.springTestContextPrepareTestInstance(AbstractTestNGSpringContextTests.java:145)
Caused by: org.springframework.beans.factory.NoSuchBeanDefinitionException: No qualifying bean of type 'org.springframework.validation.BindingResult' available: expected at least 1 bean which qualifies as autowire candidate. Dependency annotations: {@org.springframework.beans.factory.annotation.Autowired(required=true)}
at org.springframework.beans.factory.support.DefaultListableBeanFactory.raiseNoMatchingBeanFound(DefaultListableBeanFactory.java:1654)
at org.springframework.beans.factory.support.DefaultListableBeanFactory.doResolveDependency(DefaultListableBeanFactory.java:1213)
at org.springframework.beans.factory.support.DefaultListableBeanFactory.resolveDependency(DefaultListableBeanFactory.java:1167)
at org.springframework.beans.factory.annotation.AutowiredAnnotationBeanPostProcessor$AutowiredFieldElement.inject(AutowiredAnnotationBeanPostProcessor.java:593)
... 8 more
]]>
            </full-stacktrace>
          </exception> <!-- org.springframework.beans.factory.UnsatisfiedDependencyException -->
          <reporter-output>
          </reporter-output>
        </test-method> <!-- listarSolicitudxEmpresaTest -->
        <test-method is-config="true" signature="springTestContextAfterTestMethod(java.lang.reflect.Method)[pri:0, instance:com.mitocode.testng.controller.SolicitudControllerTest@7fc6de5b]" started-at="2020-08-07T09:20:00 PET" name="springTestContextAfterTestMethod" finished-at="2020-08-07T09:20:00 PET" duration-ms="0" status="PASS">
          <params>
            <param index="0">
              <value>
                <![CDATA[public void com.mitocode.testng.controller.SolicitudControllerTest.listarSolicitudxEmpresaTest() throws java.lang.Exception]]>
              </value>
            </param>
          </params>
          <reporter-output>
          </reporter-output>
        </test-method> <!-- springTestContextAfterTestMethod -->
        <test-method is-config="true" signature="springTestContextBeforeTestMethod(java.lang.reflect.Method)[pri:0, instance:com.mitocode.testng.controller.SolicitudControllerTest@7fc6de5b]" started-at="2020-08-07T09:20:00 PET" name="springTestContextBeforeTestMethod" finished-at="2020-08-07T09:20:00 PET" duration-ms="3" status="FAIL">
          <params>
            <param index="0">
              <value>
                <![CDATA[public void com.mitocode.testng.controller.SolicitudControllerTest.listarSolicitudxEmpresaTestError() throws java.lang.Exception]]>
              </value>
            </param>
          </params>
          <exception class="org.springframework.beans.factory.UnsatisfiedDependencyException">
            <message>
              <![CDATA[Error creating bean with name 'com.mitocode.testng.controller.SolicitudControllerTest': Unsatisfied dependency expressed through field 'result'; nested exception is org.springframework.beans.factory.NoSuchBeanDefinitionException: No qualifying bean of type 'org.springframework.validation.BindingResult' available: expected at least 1 bean which qualifies as autowire candidate. Dependency annotations: {@org.springframework.beans.factory.annotation.Autowired(required=true)}]]>
            </message>
            <full-stacktrace>
              <![CDATA[org.springframework.beans.factory.UnsatisfiedDependencyException: Error creating bean with name 'com.mitocode.testng.controller.SolicitudControllerTest': Unsatisfied dependency expressed through field 'result'; nested exception is org.springframework.beans.factory.NoSuchBeanDefinitionException: No qualifying bean of type 'org.springframework.validation.BindingResult' available: expected at least 1 bean which qualifies as autowire candidate. Dependency annotations: {@org.springframework.beans.factory.annotation.Autowired(required=true)}
at org.springframework.beans.factory.annotation.AutowiredAnnotationBeanPostProcessor$AutowiredFieldElement.inject(AutowiredAnnotationBeanPostProcessor.java:596)
at org.springframework.beans.factory.annotation.InjectionMetadata.inject(InjectionMetadata.java:90)
at org.springframework.beans.factory.annotation.AutowiredAnnotationBeanPostProcessor.postProcessProperties(AutowiredAnnotationBeanPostProcessor.java:374)
at org.springframework.beans.factory.support.AbstractAutowireCapableBeanFactory.populateBean(AbstractAutowireCapableBeanFactory.java:1411)
at org.springframework.beans.factory.support.AbstractAutowireCapableBeanFactory.autowireBeanProperties(AbstractAutowireCapableBeanFactory.java:391)
at org.springframework.test.context.support.DependencyInjectionTestExecutionListener.injectDependencies(DependencyInjectionTestExecutionListener.java:119)
at org.springframework.test.context.support.DependencyInjectionTestExecutionListener.beforeTestMethod(DependencyInjectionTestExecutionListener.java:99)
at org.springframework.test.context.TestContextManager.beforeTestMethod(TestContextManager.java:291)
at org.springframework.test.context.testng.AbstractTestNGSpringContextTests.springTestContextBeforeTestMethod(AbstractTestNGSpringContextTests.java:157)
at java.base/jdk.internal.reflect.NativeMethodAccessorImpl.invoke0(Native Method)
at java.base/jdk.internal.reflect.NativeMethodAccessorImpl.invoke(NativeMethodAccessorImpl.java:62)
at java.base/jdk.internal.reflect.DelegatingMethodAccessorImpl.invoke(DelegatingMethodAccessorImpl.java:43)
at java.base/java.lang.reflect.Method.invoke(Method.java:567)
at org.testng.internal.MethodInvocationHelper.invokeMethod(MethodInvocationHelper.java:134)
at org.testng.internal.MethodInvocationHelper.invokeMethodConsideringTimeout(MethodInvocationHelper.java:63)
at org.testng.internal.ConfigInvoker.invokeConfigurationMethod(ConfigInvoker.java:348)
at org.testng.internal.ConfigInvoker.invokeConfigurations(ConfigInvoker.java:302)
at org.testng.internal.TestInvoker.runConfigMethods(TestInvoker.java:695)
at org.testng.internal.TestInvoker.invokeMethod(TestInvoker.java:523)
at org.testng.internal.TestInvoker.invokeTestMethod(TestInvoker.java:173)
at org.testng.internal.MethodRunner.runInSequence(MethodRunner.java:46)
at org.testng.internal.TestInvoker$MethodInvocationAgent.invoke(TestInvoker.java:816)
at org.testng.internal.TestInvoker.invokeTestMethods(TestInvoker.java:146)
at org.testng.internal.TestMethodWorker.invokeTestMethods(TestMethodWorker.java:146)
at org.testng.internal.TestMethodWorker.run(TestMethodWorker.java:128)
at java.base/java.util.ArrayList.forEach(ArrayList.java:1507)
at org.testng.TestRunner.privateRun(TestRunner.java:766)
at org.testng.TestRunner.run(TestRunner.java:587)
at org.testng.SuiteRunner.runTest(SuiteRunner.java:384)
at org.testng.SuiteRunner.runSequentially(SuiteRunner.java:378)
at org.testng.SuiteRunner.privateRun(SuiteRunner.java:337)
at org.testng.SuiteRunner.run(SuiteRunner.java:286)
at org.testng.SuiteRunnerWorker.runSuite(SuiteRunnerWorker.java:53)
at org.testng.SuiteRunnerWorker.run(SuiteRunnerWorker.java:96)
at org.testng.TestNG.runSuitesSequentially(TestNG.java:1187)
at org.testng.TestNG.runSuitesLocally(TestNG.java:1109)
at org.testng.TestNG.runSuites(TestNG.java:1039)
at org.testng.TestNG.run(TestNG.java:1007)
at org.testng.remote.AbstractRemoteTestNG.run(AbstractRemoteTestNG.java:115)
at org.testng.remote.RemoteTestNG.initAndRun(RemoteTestNG.java:251)
at org.testng.remote.RemoteTestNG.main(RemoteTestNG.java:77)
Caused by: org.springframework.beans.factory.NoSuchBeanDefinitionException: No qualifying bean of type 'org.springframework.validation.BindingResult' available: expected at least 1 bean which qualifies as autowire candidate. Dependency annotations: {@org.springframework.beans.factory.annotation.Autowired(required=true)}
at org.springframework.beans.factory.support.DefaultListableBeanFactory.raiseNoMatchingBeanFound(DefaultListableBeanFactory.java:1654)
at org.springframework.beans.factory.support.DefaultListableBeanFactory.doResolveDependency(DefaultListableBeanFactory.java:1213)
at org.springframework.beans.factory.support.DefaultListableBeanFactory.resolveDependency(DefaultListableBeanFactory.java:1167)
at org.springframework.beans.factory.annotation.AutowiredAnnotationBeanPostProcessor$AutowiredFieldElement.inject(AutowiredAnnotationBeanPostProcessor.java:593)
... 40 more
]]>
            </full-stacktrace>
          </exception> <!-- org.springframework.beans.factory.UnsatisfiedDependencyException -->
          <reporter-output>
          </reporter-output>
        </test-method> <!-- springTestContextBeforeTestMethod -->
        <test-method signature="listarSolicitudxEmpresaTestError()[pri:0, instance:com.mitocode.testng.controller.SolicitudControllerTest@7fc6de5b]" started-at="2020-08-07T09:20:00 PET" name="listarSolicitudxEmpresaTestError" finished-at="2020-08-07T09:20:00 PET" duration-ms="0" status="SKIP">
          <exception class="org.springframework.beans.factory.UnsatisfiedDependencyException">
            <message>
              <![CDATA[Error creating bean with name 'com.mitocode.testng.controller.SolicitudControllerTest': Unsatisfied dependency expressed through field 'result'; nested exception is org.springframework.beans.factory.NoSuchBeanDefinitionException: No qualifying bean of type 'org.springframework.validation.BindingResult' available: expected at least 1 bean which qualifies as autowire candidate. Dependency annotations: {@org.springframework.beans.factory.annotation.Autowired(required=true)}]]>
            </message>
            <full-stacktrace>
              <![CDATA[org.springframework.beans.factory.UnsatisfiedDependencyException: Error creating bean with name 'com.mitocode.testng.controller.SolicitudControllerTest': Unsatisfied dependency expressed through field 'result'; nested exception is org.springframework.beans.factory.NoSuchBeanDefinitionException: No qualifying bean of type 'org.springframework.validation.BindingResult' available: expected at least 1 bean which qualifies as autowire candidate. Dependency annotations: {@org.springframework.beans.factory.annotation.Autowired(required=true)}
at org.springframework.beans.factory.annotation.AutowiredAnnotationBeanPostProcessor$AutowiredFieldElement.inject(AutowiredAnnotationBeanPostProcessor.java:596)
at org.springframework.beans.factory.annotation.InjectionMetadata.inject(InjectionMetadata.java:90)
at org.springframework.beans.factory.annotation.AutowiredAnnotationBeanPostProcessor.postProcessProperties(AutowiredAnnotationBeanPostProcessor.java:374)
at org.springframework.beans.factory.support.AbstractAutowireCapableBeanFactory.populateBean(AbstractAutowireCapableBeanFactory.java:1411)
at org.springframework.beans.factory.support.AbstractAutowireCapableBeanFactory.autowireBeanProperties(AbstractAutowireCapableBeanFactory.java:391)
at org.springframework.test.context.support.DependencyInjectionTestExecutionListener.injectDependencies(DependencyInjectionTestExecutionListener.java:119)
at org.springframework.test.context.support.DependencyInjectionTestExecutionListener.prepareTestInstance(DependencyInjectionTestExecutionListener.java:83)
at org.springframework.test.context.TestContextManager.prepareTestInstance(TestContextManager.java:246)
at org.springframework.test.context.testng.AbstractTestNGSpringContextTests.springTestContextPrepareTestInstance(AbstractTestNGSpringContextTests.java:145)
Caused by: org.springframework.beans.factory.NoSuchBeanDefinitionException: No qualifying bean of type 'org.springframework.validation.BindingResult' available: expected at least 1 bean which qualifies as autowire candidate. Dependency annotations: {@org.springframework.beans.factory.annotation.Autowired(required=true)}
at org.springframework.beans.factory.support.DefaultListableBeanFactory.raiseNoMatchingBeanFound(DefaultListableBeanFactory.java:1654)
at org.springframework.beans.factory.support.DefaultListableBeanFactory.doResolveDependency(DefaultListableBeanFactory.java:1213)
at org.springframework.beans.factory.support.DefaultListableBeanFactory.resolveDependency(DefaultListableBeanFactory.java:1167)
at org.springframework.beans.factory.annotation.AutowiredAnnotationBeanPostProcessor$AutowiredFieldElement.inject(AutowiredAnnotationBeanPostProcessor.java:593)
... 8 more
]]>
            </full-stacktrace>
          </exception> <!-- org.springframework.beans.factory.UnsatisfiedDependencyException -->
          <reporter-output>
          </reporter-output>
        </test-method> <!-- listarSolicitudxEmpresaTestError -->
        <test-method is-config="true" signature="springTestContextAfterTestMethod(java.lang.reflect.Method)[pri:0, instance:com.mitocode.testng.controller.SolicitudControllerTest@7fc6de5b]" started-at="2020-08-07T09:20:00 PET" name="springTestContextAfterTestMethod" finished-at="2020-08-07T09:20:00 PET" duration-ms="2" status="PASS">
          <params>
            <param index="0">
              <value>
                <![CDATA[public void com.mitocode.testng.controller.SolicitudControllerTest.listarSolicitudxEmpresaTestError() throws java.lang.Exception]]>
              </value>
            </param>
          </params>
          <reporter-output>
          </reporter-output>
        </test-method> <!-- springTestContextAfterTestMethod -->
        <test-method is-config="true" signature="springTestContextAfterTestClass()[pri:0, instance:com.mitocode.testng.controller.SolicitudControllerTest@7fc6de5b]" started-at="2020-08-07T09:20:00 PET" name="springTestContextAfterTestClass" finished-at="2020-08-07T09:20:00 PET" duration-ms="0" status="PASS">
          <reporter-output>
          </reporter-output>
        </test-method> <!-- springTestContextAfterTestClass -->
      </class> <!-- com.mitocode.testng.controller.SolicitudControllerTest -->
    </test> <!-- Default test -->
  </suite> <!-- Default suite -->
</testng-results>
